2025-08-24 15:16:21,568 - goqii_eda - INFO - ================================================================================
2025-08-24 15:16:21,568 - goqii_eda - INFO - GOQII HEALTH DATA EDA PROTOCOL - DUAL OUTPUT ANALYSIS
2025-08-24 15:16:21,568 - goqii_eda - INFO - ================================================================================
2025-08-24 15:16:21,568 - goqii_eda - INFO - Input Directory: ./input
2025-08-24 15:16:21,568 - goqii_eda - INFO - Output Directory: ./results
2025-08-24 15:16:21,568 - goqii_eda - INFO - Pipeline Started: 2025-08-24 15:16:21
2025-08-24 15:16:21,568 - goqii_eda - INFO - 
📂 STEP 1: Data Loading and Discovery
2025-08-24 15:16:21,568 - goqii_eda - INFO - --------------------------------------------------
2025-08-24 15:16:22,938 - goqii_eda - INFO - ✅ Discovered data for 1 participants
2025-08-24 15:16:22,938 - goqii_eda - INFO - 📊 Total records loaded: 6,986
2025-08-24 15:16:22,938 - goqii_eda - INFO - 📁 Files processed: 0
2025-08-24 15:16:22,938 - goqii_eda - INFO - 🗓️  Date range: 2024-12-17 to 2025-05-29
2025-08-24 15:16:22,939 - goqii_eda - INFO - 
🧹 STEP 2: Data Cleaning and Quality Control
2025-08-24 15:16:22,939 - goqii_eda - INFO - --------------------------------------------------
2025-08-24 15:16:22,940 - goqii_eda - ERROR - ❌ Pipeline failed with error: 'duplicate'
2025-08-24 15:16:22,940 - goqii_eda - ERROR - Full error traceback:
Traceback (most recent call last):
  File "/Users/jatindangi/Desktop/wearables/goqii_eda/main.py", line 150, in run_eda_pipeline
    cleaned_data, cleaning_report = clean_goqii_data(raw_data)
  File "/Users/jatindangi/Desktop/wearables/goqii_eda/src/data_cleaner.py", line 515, in clean_goqii_data
    cleaned_data = cleaner.process(data)
  File "/Users/jatindangi/Desktop/wearables/goqii_eda/src/data_cleaner.py", line 98, in process
    cleaned_records = self._clean_metric_data(metric_records, metric_type)
  File "/Users/jatindangi/Desktop/wearables/goqii_eda/src/data_cleaner.py", line 134, in _clean_metric_data
    cleaned_participant_records = self._clean_participant_metric_data(
  File "/Users/jatindangi/Desktop/wearables/goqii_eda/src/data_cleaner.py", line 167, in _clean_participant_metric_data
    self.cleaning_stats[metric_type][record.quality_flag] += 1
KeyError: 'duplicate'
